<?xml version="1.0" encoding="UTF-8"?>
<testsuite xmlns:xsi="http://www.w3.org/2001/XMLSchema-instance" xsi:noNamespaceSchemaLocation="https://maven.apache.org/surefire/maven-surefire-plugin/xsd/surefire-test-report-3.0.xsd" version="3.0" name="model_tests.MatrixTest" time="0.027" tests="7" errors="0" skipped="0" failures="0">
  <properties>
    <property name="awt.toolkit" value="sun.awt.X11.XToolkit"/>
    <property name="java.specification.version" value="11"/>
    <property name="sun.cpu.isalist" value=""/>
    <property name="sun.jnu.encoding" value="UTF-8"/>
    <property name="java.class.path" value="/home/infoetu/simon.lagneau.etu/eclipse-workspace/projetmodeg5/target/test-classes:/home/infoetu/simon.lagneau.etu/eclipse-workspace/projetmodeg5/target/classes:/tmp/maven/repository/simon.lagneau.etu/org/openjfx/javafx-controls/17.0.0.1/javafx-controls-17.0.0.1.jar:/tmp/maven/repository/simon.lagneau.etu/org/openjfx/javafx-controls/17.0.0.1/javafx-controls-17.0.0.1-linux.jar:/tmp/maven/repository/simon.lagneau.etu/org/openjfx/javafx-graphics/17.0.0.1/javafx-graphics-17.0.0.1.jar:/tmp/maven/repository/simon.lagneau.etu/org/openjfx/javafx-graphics/17.0.0.1/javafx-graphics-17.0.0.1-linux.jar:/tmp/maven/repository/simon.lagneau.etu/org/openjfx/javafx-base/17.0.0.1/javafx-base-17.0.0.1.jar:/tmp/maven/repository/simon.lagneau.etu/org/openjfx/javafx-base/17.0.0.1/javafx-base-17.0.0.1-linux.jar:/tmp/maven/repository/simon.lagneau.etu/org/openjfx/javafx-fxml/17.0.0.1/javafx-fxml-17.0.0.1.jar:/tmp/maven/repository/simon.lagneau.etu/org/openjfx/javafx-fxml/17.0.0.1/javafx-fxml-17.0.0.1-linux.jar:/tmp/maven/repository/simon.lagneau.etu/org/junit/jupiter/junit-jupiter-engine/5.8.1/junit-jupiter-engine-5.8.1.jar:/tmp/maven/repository/simon.lagneau.etu/org/junit/platform/junit-platform-engine/1.8.1/junit-platform-engine-1.8.1.jar:/tmp/maven/repository/simon.lagneau.etu/org/opentest4j/opentest4j/1.2.0/opentest4j-1.2.0.jar:/tmp/maven/repository/simon.lagneau.etu/org/junit/platform/junit-platform-commons/1.8.1/junit-platform-commons-1.8.1.jar:/tmp/maven/repository/simon.lagneau.etu/org/junit/jupiter/junit-jupiter-api/5.8.1/junit-jupiter-api-5.8.1.jar:/tmp/maven/repository/simon.lagneau.etu/org/apiguardian/apiguardian-api/1.1.2/apiguardian-api-1.1.2.jar:/tmp/maven/repository/simon.lagneau.etu/org/openjfx/javafx-swing/17.0.0.1/javafx-swing-17.0.0.1.jar:/tmp/maven/repository/simon.lagneau.etu/org/openjfx/javafx-swing/17.0.0.1/javafx-swing-17.0.0.1-linux.jar:/tmp/maven/repository/simon.lagneau.etu/com/googlecode/json-simple/json-simple/1.1.1/json-simple-1.1.1.jar:/tmp/maven/repository/simon.lagneau.etu/junit/junit/4.10/junit-4.10.jar:/tmp/maven/repository/simon.lagneau.etu/org/hamcrest/hamcrest-core/1.1/hamcrest-core-1.1.jar:"/>
    <property name="java.vm.vendor" value="Debian"/>
    <property name="sun.arch.data.model" value="64"/>
    <property name="java.vendor.url" value="https://tracker.debian.org/openjdk-11"/>
    <property name="user.timezone" value=""/>
    <property name="user.country.format" value="FR"/>
    <property name="java.vm.specification.version" value="11"/>
    <property name="os.name" value="Linux"/>
    <property name="sun.java.launcher" value="SUN_STANDARD"/>
    <property name="sun.boot.library.path" value="/usr/lib/jvm/java-11-openjdk-amd64/lib"/>
    <property name="sun.java.command" value="/home/infoetu/simon.lagneau.etu/eclipse-workspace/projetmodeg5/target/surefire/surefirebooter4216093656486987609.jar /home/infoetu/simon.lagneau.etu/eclipse-workspace/projetmodeg5/target/surefire 2022-01-11T14-47-25_688-jvmRun1 surefire16349565337618004513tmp surefire_013565546313872449816tmp"/>
    <property name="jdk.debug" value="release"/>
    <property name="surefire.test.class.path" value="/home/infoetu/simon.lagneau.etu/eclipse-workspace/projetmodeg5/target/test-classes:/home/infoetu/simon.lagneau.etu/eclipse-workspace/projetmodeg5/target/classes:/tmp/maven/repository/simon.lagneau.etu/org/openjfx/javafx-controls/17.0.0.1/javafx-controls-17.0.0.1.jar:/tmp/maven/repository/simon.lagneau.etu/org/openjfx/javafx-controls/17.0.0.1/javafx-controls-17.0.0.1-linux.jar:/tmp/maven/repository/simon.lagneau.etu/org/openjfx/javafx-graphics/17.0.0.1/javafx-graphics-17.0.0.1.jar:/tmp/maven/repository/simon.lagneau.etu/org/openjfx/javafx-graphics/17.0.0.1/javafx-graphics-17.0.0.1-linux.jar:/tmp/maven/repository/simon.lagneau.etu/org/openjfx/javafx-base/17.0.0.1/javafx-base-17.0.0.1.jar:/tmp/maven/repository/simon.lagneau.etu/org/openjfx/javafx-base/17.0.0.1/javafx-base-17.0.0.1-linux.jar:/tmp/maven/repository/simon.lagneau.etu/org/openjfx/javafx-fxml/17.0.0.1/javafx-fxml-17.0.0.1.jar:/tmp/maven/repository/simon.lagneau.etu/org/openjfx/javafx-fxml/17.0.0.1/javafx-fxml-17.0.0.1-linux.jar:/tmp/maven/repository/simon.lagneau.etu/org/junit/jupiter/junit-jupiter-engine/5.8.1/junit-jupiter-engine-5.8.1.jar:/tmp/maven/repository/simon.lagneau.etu/org/junit/platform/junit-platform-engine/1.8.1/junit-platform-engine-1.8.1.jar:/tmp/maven/repository/simon.lagneau.etu/org/opentest4j/opentest4j/1.2.0/opentest4j-1.2.0.jar:/tmp/maven/repository/simon.lagneau.etu/org/junit/platform/junit-platform-commons/1.8.1/junit-platform-commons-1.8.1.jar:/tmp/maven/repository/simon.lagneau.etu/org/junit/jupiter/junit-jupiter-api/5.8.1/junit-jupiter-api-5.8.1.jar:/tmp/maven/repository/simon.lagneau.etu/org/apiguardian/apiguardian-api/1.1.2/apiguardian-api-1.1.2.jar:/tmp/maven/repository/simon.lagneau.etu/org/openjfx/javafx-swing/17.0.0.1/javafx-swing-17.0.0.1.jar:/tmp/maven/repository/simon.lagneau.etu/org/openjfx/javafx-swing/17.0.0.1/javafx-swing-17.0.0.1-linux.jar:/tmp/maven/repository/simon.lagneau.etu/com/googlecode/json-simple/json-simple/1.1.1/json-simple-1.1.1.jar:/tmp/maven/repository/simon.lagneau.etu/junit/junit/4.10/junit-4.10.jar:/tmp/maven/repository/simon.lagneau.etu/org/hamcrest/hamcrest-core/1.1/hamcrest-core-1.1.jar:"/>
    <property name="sun.cpu.endian" value="little"/>
    <property name="user.home" value="/home/infoetu/simon.lagneau.etu"/>
    <property name="user.language" value="en"/>
    <property name="java.specification.vendor" value="Oracle Corporation"/>
    <property name="java.version.date" value="2021-10-19"/>
    <property name="java.home" value="/usr/lib/jvm/java-11-openjdk-amd64"/>
    <property name="file.separator" value="/"/>
    <property name="basedir" value="/home/infoetu/simon.lagneau.etu/eclipse-workspace/projetmodeg5"/>
    <property name="java.vm.compressedOopsMode" value="Zero based"/>
    <property name="line.separator" value="&#10;"/>
    <property name="java.specification.name" value="Java Platform API Specification"/>
    <property name="java.vm.specification.vendor" value="Oracle Corporation"/>
    <property name="java.awt.graphicsenv" value="sun.awt.X11GraphicsEnvironment"/>
    <property name="surefire.real.class.path" value="/home/infoetu/simon.lagneau.etu/eclipse-workspace/projetmodeg5/target/surefire/surefirebooter4216093656486987609.jar"/>
    <property name="sun.management.compiler" value="HotSpot 64-Bit Tiered Compilers"/>
    <property name="java.runtime.version" value="11.0.13+8-post-Debian-1deb10u1"/>
    <property name="user.name" value="simon.lagneau.etu"/>
    <property name="path.separator" value=":"/>
    <property name="os.version" value="5.9.0-0.bpo.5-amd64"/>
    <property name="java.runtime.name" value="OpenJDK Runtime Environment"/>
    <property name="file.encoding" value="UTF-8"/>
    <property name="java.vm.name" value="OpenJDK 64-Bit Server VM"/>
    <property name="localRepository" value="/tmp/maven/repository/simon.lagneau.etu"/>
    <property name="java.vendor.url.bug" value="https://bugs.debian.org/openjdk-11"/>
    <property name="java.io.tmpdir" value="/tmp"/>
    <property name="java.version" value="11.0.13"/>
    <property name="user.dir" value="/home/infoetu/simon.lagneau.etu/eclipse-workspace/projetmodeg5"/>
    <property name="os.arch" value="amd64"/>
    <property name="java.vm.specification.name" value="Java Virtual Machine Specification"/>
    <property name="java.awt.printerjob" value="sun.print.PSPrinterJob"/>
    <property name="user.language.format" value="fr"/>
    <property name="sun.os.patch.level" value="unknown"/>
    <property name="java.library.path" value="/usr/java/packages/lib:/usr/lib/x86_64-linux-gnu/jni:/lib/x86_64-linux-gnu:/usr/lib/x86_64-linux-gnu:/usr/lib/jni:/lib:/usr/lib"/>
    <property name="java.vm.info" value="mixed mode, sharing"/>
    <property name="java.vendor" value="Debian"/>
    <property name="java.vm.version" value="11.0.13+8-post-Debian-1deb10u1"/>
    <property name="sun.io.unicode.encoding" value="UnicodeLittle"/>
    <property name="java.class.version" value="55.0"/>
  </properties>
  <testcase name="test_can_multiply_matrix" classname="model_tests.MatrixTest" time="0.012"/>
  <testcase name="test_translation_matrix" classname="model_tests.MatrixTest" time="0.002"/>
  <testcase name="test_multiply_matrix_matrix" classname="model_tests.MatrixTest" time="0.001"/>
  <testcase name="test_can_sum_matrix" classname="model_tests.MatrixTest" time="0.001"/>
  <testcase name="test_sum_matrix_matrix" classname="model_tests.MatrixTest" time="0.001"/>
  <testcase name="test_sub_matrix_matrix" classname="model_tests.MatrixTest" time="0"/>
  <testcase name="test_can_sub_matrix" classname="model_tests.MatrixTest" time="0"/>
</testsuite>